<?xml version="1.0" encoding="UTF-8"?>
<testng-results skipped="0" failed="0" total="0" passed="0">
  <reporter-output>
  </reporter-output>
  <suite name="testNgSuite" duration-ms="6" started-at="2016-08-12T08:43:05Z" finished-at="2016-08-12T08:43:05Z">
    <groups>
    </groups>
    <test name="Test include and exclude" duration-ms="6" started-at="2016-08-12T08:43:05Z" finished-at="2016-08-12T08:43:05Z">
    </test> <!-- Test include and exclude -->
  </suite> <!-- testNgSuite -->
</testng-results>
