<?xml version="1.0" encoding="UTF-8"?>
<!-- Generated by org.testng.reporters.JUnitXMLReporter -->
<testsuite hostname="CN00203209" name="Test Listener" tests="3" failures="1" timestamp="30 Aug 2016 02:22:40 GMT" time="0.07" errors="0">
  <testcase name="testMethodTwo" time="0.03" classname="testng.listener.SampleTest">
    <failure type="java.lang.AssertionError" message="expected [true] but found [false]">
      <![CDATA[java.lang.AssertionError: expected [true] but found [false]
	at testng.listener.SampleTest.testMethodTwo(SampleTest.java:15)
... Removed 28 stack frames]]>
    </failure>
  </testcase> <!-- testMethodTwo -->
  <testcase name="testMethodOne" time="0.0" classname="testng.listener.SampleTest"/>
  <testcase name="testMethodThree" time="0.0" classname="testng.listener.SampleTest">
    <skipped/>
  </testcase> <!-- testMethodThree -->
</testsuite> <!-- Test Listener -->
