<?xml version="1.0" encoding="UTF-8"?>
<!-- Generated by org.testng.reporters.JUnitXMLReporter -->
<testsuite hostname="CN00203209" name="Test Provider" tests="5" failures="0" timestamp="30 Aug 2016 01:25:54 GMT" time="0.11" errors="0">
  <testcase name="testPrimeNumberChecker" time="0.05" classname="testng.dataprovider.ParamTestWithDataProvider1"/>
  <testcase name="testPrimeNumberChecker" time="0.0" classname="testng.dataprovider.ParamTestWithDataProvider1"/>
  <testcase name="testPrimeNumberChecker" time="0.0" classname="testng.dataprovider.ParamTestWithDataProvider1"/>
  <testcase name="testPrimeNumberChecker" time="0.01" classname="testng.dataprovider.ParamTestWithDataProvider1"/>
  <testcase name="testPrimeNumberChecker" time="0.0" classname="testng.dataprovider.ParamTestWithDataProvider1"/>
</testsuite> <!-- Test Provider -->
