<?xml version="1.0" encoding="UTF-8"?>
<!-- Generated by org.testng.reporters.JUnitXMLReporter -->
<testsuite hostname="CN00203209" name="Test Groups" tests="3" failures="0" timestamp="12 Aug 2016 02:19:15 GMT" time="0.09" errors="0">
  <testcase name="testB1" time="0.05" classname="testng.groups.MyTestB"/>
  <testcase name="testB2" time="0.0" classname="testng.groups.MyTestB"/>
  <testcase name="testGroup1A" time="0.01" classname="testng.groups.MyTest"/>
</testsuite> <!-- Test Groups -->
