<?xml version="1.0" encoding="UTF-8"?>
<!-- Generated by org.testng.reporters.JUnitXMLReporter -->
<testsuite hostname="CN00203209" name="Test dependencies" tests="5" failures="0" timestamp="19 Sep 2016 07:32:02 GMT" time="0.131" errors="0">
  <testcase name="testB1" time="0.105" classname="testng.groups.MyTestB"/>
  <testcase name="testB2" time="0.0" classname="testng.groups.MyTestB"/>
  <testcase name="testGroup6" time="0.0" classname="testng.groups.MyTestB"/>
  <testcase name="testGroup5" time="0.0" classname="testng.groups.MyTestB"/>
  <testcase name="testGroup7" time="0.0" classname="testng.groups.MyTestB"/>
</testsuite> <!-- Test dependencies -->
